<?xml version="1.0" encoding="UTF-8"?>
<testsuites name="Test Suite 1" time="81" tests="2" failures="0" errors="1">
   <testsuite name="Test Suite 1" tests="2" failures="0" errors="1" time="81" timestamp="2018-07-25 11:03:52" hostname="slk - WSLK1FFTRFW-04.SLKSOFT.COM" id="Test Suites/Test Suite 1">
      <properties>
         <property name="deviceName" value=""/>
         <property name="devicePlatform" value=""/>
         <property name="logFolder" value="C:\\Users\\slk.WSLK1FFTRFW-04.000\\Katalon Studio\\Kat\\Reports\\Test Suite 1\\20180725_110208"/>
         <property name="logFiles" value="C:\\Users\\slk.WSLK1FFTRFW-04.000\\Katalon Studio\\Kat\\Reports\\Test Suite 1\\20180725_110208\\execution0.log"/>
         <property name="attachments" value=""/>
         <property name="hostName" value="slk - WSLK1FFTRFW-04.SLKSOFT.COM"/>
         <property name="os" value="Windows 7 64bit"/>
         <property name="katalonVersion" value="5.5.0.1"/>
         <property name="browser" value="Firefox 51.0"/>
         <property name="hostAddress" value="192.168.56.1"/>
         <property name="sessionId" value="8aa9935e-97c6-4794-8d56-f25549a59904"/>
         <property name="seleniumVersion" value="3.7.1"/>
         <property name="proxyInformation" value="ProxyInformation{proxyOption=NO_PROXY, proxyServerType=HTTP, password=, proxyServerAddress=, proxyServerPort=0}"/>
         <property name="platform" value="Windows 7"/>
      </properties>
      <testcase name="Test Cases/login/Test 1" classname="Test Cases/login/Test 1" status="PASSED">
         <system-out><![CDATA[2018-07-25 11:03:52 - [TEST_CASE][PASSED] - Test Cases/login/Test 1: Test Cases/login/Test 1

2018-07-25 11:03:53 - [TEST_STEP][PASSED] - openBrowser: Browser is opened with url: ''

2018-07-25 11:04:02 - [MESSAGE][PASSED] - Browser is opened with url: ''

2018-07-25 11:04:02 - [TEST_STEP][PASSED] - navigateToUrl: Navigate to 'http://demoaut.katalon.com/' successfully

2018-07-25 11:04:03 - [MESSAGE][PASSED] - Navigate to 'http://demoaut.katalon.com/' successfully

2018-07-25 11:04:03 - [TEST_STEP][PASSED] - click: Object: 'Object Repository/Page_CURA Healthcare Service/a_Make Appointment' is clicked on

2018-07-25 11:04:03 - [MESSAGE][PASSED] - Object: 'Object Repository/Page_CURA Healthcare Service/a_Make Appointment' is clicked on

2018-07-25 11:04:03 - [TEST_STEP][PASSED] - setText: Text 'John Doe' is set on object 'Object Repository/Page_CURA Healthcare Service/input_username'

2018-07-25 11:04:04 - [MESSAGE][PASSED] - Text 'John Doe' is set on object 'Object Repository/Page_CURA Healthcare Service/input_username'

2018-07-25 11:04:04 - [TEST_STEP][PASSED] - setEncryptedText: Text ****** has been set on object 'Object Repository/Page_CURA Healthcare Service/input_password'

2018-07-25 11:04:04 - [MESSAGE][PASSED] - Text ****** has been set on object 'Object Repository/Page_CURA Healthcare Service/input_password'

2018-07-25 11:04:04 - [TEST_STEP][PASSED] - click: Object: 'Object Repository/Page_CURA Healthcare Service/button_Login' is clicked on

2018-07-25 11:04:05 - [MESSAGE][PASSED] - Object: 'Object Repository/Page_CURA Healthcare Service/button_Login' is clicked on

2018-07-25 11:04:05 - [TEST_STEP][PASSED] - closeBrowser: Browser is closed

2018-07-25 11:04:05 - [MESSAGE][PASSED] - Browser is closed

2018-07-25 11:04:05 - [TEST_STEP][PASSED] - openBrowser: Browser is opened with url: 'https://google.com/'

2018-07-25 11:04:19 - [MESSAGE][PASSED] - Browser is opened with url: 'https://google.com/'

2018-07-25 11:04:19 - [TEST_STEP][PASSED] - closeBrowser: Browser is closed

2018-07-25 11:04:19 - [MESSAGE][PASSED] - Browser is closed]]></system-out>
         <system-err><![CDATA[]]></system-err>
      </testcase>
      <testcase name="Test Cases/login/Test 2" classname="Test Cases/login/Test 2" status="ERROR">
         <error type="ERROR" message="Test Cases/login/Test 2 FAILED because (of) groovy.lang.MissingMethodException: No signature of method: static com.kms.katalon.core.webui.keyword.WebUiBuiltInKeywords.closeBrowser() is applicable for argument types: (java.lang.String) values: []
Possible solutions: closeBrowser(), closeBrowser(com.kms.katalon.core.model.FailureHandling), openBrowser(java.lang.String), openBrowser(java.lang.String, com.kms.katalon.core.model.FailureHandling)"/>
         <system-out><![CDATA[2018-07-25 11:04:21 - [TEST_CASE][ERROR] - Test Cases/login/Test 2: Test Cases/login/Test 2 FAILED because (of) groovy.lang.MissingMethodException: No signature of method: static com.kms.katalon.core.webui.keyword.WebUiBuiltInKeywords.closeBrowser() is applicable for argument types: (java.lang.String) values: []
Possible solutions: closeBrowser(), closeBrowser(com.kms.katalon.core.model.FailureHandling), openBrowser(java.lang.String), openBrowser(java.lang.String, com.kms.katalon.core.model.FailureHandling)

2018-07-25 11:04:21 - [TEST_STEP][PASSED] - openBrowser: Browser is opened with url: ''

2018-07-25 11:04:32 - [MESSAGE][PASSED] - Browser is opened with url: ''

2018-07-25 11:04:32 - [TEST_STEP][PASSED] - navigateToUrl: Navigate to 'http://demoaut.katalon.com/' successfully

2018-07-25 11:04:33 - [MESSAGE][PASSED] - Navigate to 'http://demoaut.katalon.com/' successfully

2018-07-25 11:04:33 - [TEST_STEP][PASSED] - click: Object: 'Object Repository/test2/Page_CURA Healthcare Service/a_Make Appointment' is clicked on

2018-07-25 11:04:33 - [MESSAGE][PASSED] - Object: 'Object Repository/test2/Page_CURA Healthcare Service/a_Make Appointment' is clicked on

2018-07-25 11:04:33 - [TEST_STEP][PASSED] - setText: Text 'John Doe' is set on object 'Object Repository/test2/Page_CURA Healthcare Service/input_username'

2018-07-25 11:04:33 - [MESSAGE][PASSED] - Text 'John Doe' is set on object 'Object Repository/test2/Page_CURA Healthcare Service/input_username'

2018-07-25 11:04:33 - [TEST_STEP][PASSED] - setEncryptedText: Text ****** has been set on object 'Object Repository/test2/Page_CURA Healthcare Service/input_password'

2018-07-25 11:04:33 - [MESSAGE][PASSED] - Text ****** has been set on object 'Object Repository/test2/Page_CURA Healthcare Service/input_password'

2018-07-25 11:04:33 - [TEST_STEP][PASSED] - click: Object: 'Object Repository/test2/Page_CURA Healthcare Service/button_Login' is clicked on

2018-07-25 11:04:35 - [MESSAGE][PASSED] - Object: 'Object Repository/test2/Page_CURA Healthcare Service/button_Login' is clicked on

2018-07-25 11:04:35 - [TEST_STEP][PASSED] - closeBrowser: null]]></system-out>
         <system-err><![CDATA[2018-07-25 11:04:21 - [TEST_CASE][ERROR] - Test Cases/login/Test 2: Test Cases/login/Test 2 FAILED because (of) groovy.lang.MissingMethodException: No signature of method: static com.kms.katalon.core.webui.keyword.WebUiBuiltInKeywords.closeBrowser() is applicable for argument types: (java.lang.String) values: []
Possible solutions: closeBrowser(), closeBrowser(com.kms.katalon.core.model.FailureHandling), openBrowser(java.lang.String), openBrowser(java.lang.String, com.kms.katalon.core.model.FailureHandling)]]></system-err>
      </testcase>
      <testcase name="Test Cases/Orange/Test Case 3" classname="Test Cases/Orange/Test Case 3" status="PASSED">
         <system-out><![CDATA[2018-07-25 11:04:37 - [TEST_CASE][PASSED] - Test Cases/Orange/Test Case 3: Test Cases/Orange/Test Case 3

2018-07-25 11:04:37 - [TEST_STEP][PASSED] - openBrowser: Browser is opened with url: ''

2018-07-25 11:04:37 - [MESSAGE][WARNING] - A browser is already opened. Closing browser and opening a new one

2018-07-25 11:04:45 - [MESSAGE][PASSED] - Browser is opened with url: ''

2018-07-25 11:04:45 - [TEST_STEP][PASSED] - openBrowser: Browser is opened with url: ''

2018-07-25 11:04:45 - [MESSAGE][WARNING] - A browser is already opened. Closing browser and opening a new one

2018-07-25 11:04:53 - [MESSAGE][PASSED] - Browser is opened with url: ''

2018-07-25 11:04:53 - [TEST_STEP][PASSED] - navigateToUrl: Navigate to 'https://opensource-demo.orangehrmlive.com/index.php/auth/login' successfully

2018-07-25 11:04:58 - [MESSAGE][PASSED] - Navigate to 'https://opensource-demo.orangehrmlive.com/index.php/auth/login' successfully

2018-07-25 11:04:58 - [TEST_STEP][PASSED] - setText: Text 'Admin' is set on object 'Object Repository/Orange/Page_OrangeHRM/input_txtUsername'

2018-07-25 11:04:58 - [MESSAGE][PASSED] - Text 'Admin' is set on object 'Object Repository/Orange/Page_OrangeHRM/input_txtUsername'

2018-07-25 11:04:58 - [TEST_STEP][PASSED] - setEncryptedText: Text ****** has been set on object 'Object Repository/Orange/Page_OrangeHRM/input_txtPassword'

2018-07-25 11:04:58 - [MESSAGE][PASSED] - Text ****** has been set on object 'Object Repository/Orange/Page_OrangeHRM/input_txtPassword'

2018-07-25 11:04:58 - [TEST_STEP][PASSED] - click: Object: 'Object Repository/Orange/Page_OrangeHRM/input_Submit' is clicked on

2018-07-25 11:05:01 - [MESSAGE][PASSED] - Object: 'Object Repository/Orange/Page_OrangeHRM/input_Submit' is clicked on

2018-07-25 11:05:01 - [TEST_STEP][PASSED] - click: Object: 'Object Repository/Orange/Page_OrangeHRM/a_Admin' is clicked on

2018-07-25 11:05:03 - [MESSAGE][PASSED] - Object: 'Object Repository/Orange/Page_OrangeHRM/a_Admin' is clicked on

2018-07-25 11:05:03 - [TEST_STEP][PASSED] - click: Object: 'Object Repository/Orange/Page_OrangeHRM/b_PIM' is clicked on

2018-07-25 11:05:05 - [MESSAGE][PASSED] - Object: 'Object Repository/Orange/Page_OrangeHRM/b_PIM' is clicked on

2018-07-25 11:05:05 - [TEST_STEP][PASSED] - click: Object: 'Object Repository/Orange/Page_OrangeHRM/b_Leave' is clicked on

2018-07-25 11:05:06 - [MESSAGE][PASSED] - Object: 'Object Repository/Orange/Page_OrangeHRM/b_Leave' is clicked on

2018-07-25 11:05:06 - [TEST_STEP][PASSED] - click: Object: 'Object Repository/Orange/Page_OrangeHRM/b_Time' is clicked on

2018-07-25 11:05:08 - [MESSAGE][PASSED] - Object: 'Object Repository/Orange/Page_OrangeHRM/b_Time' is clicked on

2018-07-25 11:05:08 - [TEST_STEP][PASSED] - click: Object: 'Object Repository/Orange/Page_OrangeHRM/b_Recruitment' is clicked on

2018-07-25 11:05:09 - [MESSAGE][PASSED] - Object: 'Object Repository/Orange/Page_OrangeHRM/b_Recruitment' is clicked on

2018-07-25 11:05:09 - [TEST_STEP][PASSED] - click: Object: 'Object Repository/Orange/Page_OrangeHRM/a_Performance' is clicked on

2018-07-25 11:05:09 - [MESSAGE][PASSED] - Object: 'Object Repository/Orange/Page_OrangeHRM/a_Performance' is clicked on

2018-07-25 11:05:09 - [TEST_STEP][PASSED] - click: Object: 'Object Repository/Orange/Page_OrangeHRM/b_Dashboard' is clicked on

2018-07-25 11:05:10 - [MESSAGE][PASSED] - Object: 'Object Repository/Orange/Page_OrangeHRM/b_Dashboard' is clicked on

2018-07-25 11:05:10 - [TEST_STEP][PASSED] - click: Object: 'Object Repository/Orange/Page_OrangeHRM/b_Directory' is clicked on

2018-07-25 11:05:11 - [MESSAGE][PASSED] - Object: 'Object Repository/Orange/Page_OrangeHRM/b_Directory' is clicked on

2018-07-25 11:05:11 - [TEST_STEP][PASSED] - click: Object: 'Object Repository/Orange/Page_OrangeHRM/a_Welcome Admin' is clicked on

2018-07-25 11:05:11 - [MESSAGE][PASSED] - Object: 'Object Repository/Orange/Page_OrangeHRM/a_Welcome Admin' is clicked on

2018-07-25 11:05:11 - [TEST_STEP][PASSED] - closeBrowser: Browser is closed

2018-07-25 11:05:12 - [MESSAGE][PASSED] - Browser is closed]]></system-out>
         <system-err><![CDATA[]]></system-err>
      </testcase>
      <system-out><![CDATA[2018-07-25 11:03:52 - [TEST_SUITE][ERROR] - Test Suite 1: Test Cases/login/Test 2 FAILED because (of) groovy.lang.MissingMethodException: No signature of method: static com.kms.katalon.core.webui.keyword.WebUiBuiltInKeywords.closeBrowser() is applicable for argument types: (java.lang.String) values: []
Possible solutions: closeBrowser(), closeBrowser(com.kms.katalon.core.model.FailureHandling), openBrowser(java.lang.String), openBrowser(java.lang.String, com.kms.katalon.core.model.FailureHandling)]]></system-out>
      <system-err><![CDATA[2018-07-25 11:03:52 - [TEST_SUITE][ERROR] - Test Suite 1: Test Cases/login/Test 2 FAILED because (of) groovy.lang.MissingMethodException: No signature of method: static com.kms.katalon.core.webui.keyword.WebUiBuiltInKeywords.closeBrowser() is applicable for argument types: (java.lang.String) values: []
Possible solutions: closeBrowser(), closeBrowser(com.kms.katalon.core.model.FailureHandling), openBrowser(java.lang.String), openBrowser(java.lang.String, com.kms.katalon.core.model.FailureHandling)]]></system-err>
   </testsuite>
</testsuites>
