<?xml version="1.0" encoding="UTF-8"?>
<testsuites name="Test Suite 1" time="85" tests="2" failures="0" errors="1">
   <testsuite name="Test Suite 1" tests="2" failures="0" errors="1" time="85" timestamp="2018-07-25 11:02:10" hostname="slk - WSLK1FFTRFW-04.SLKSOFT.COM" id="Test Suites/Test Suite 1">
      <properties>
         <property name="deviceName" value=""/>
         <property name="devicePlatform" value=""/>
         <property name="logFolder" value="C:\\Users\\slk.WSLK1FFTRFW-04.000\\Katalon Studio\\Kat\\Reports\\Test Suite 1\\20180725_110207"/>
         <property name="logFiles" value="C:\\Users\\slk.WSLK1FFTRFW-04.000\\Katalon Studio\\Kat\\Reports\\Test Suite 1\\20180725_110207\\execution0.log"/>
         <property name="attachments" value=""/>
         <property name="hostName" value="slk - WSLK1FFTRFW-04.SLKSOFT.COM"/>
         <property name="os" value="Windows 7 64bit"/>
         <property name="katalonVersion" value="5.5.0.1"/>
         <property name="browser" value="Firefox 51.0"/>
         <property name="hostAddress" value="192.168.56.1"/>
         <property name="sessionId" value="684d7319-ff64-4e2a-aab2-64517481f779"/>
         <property name="seleniumVersion" value="3.7.1"/>
         <property name="proxyInformation" value="ProxyInformation{proxyOption=NO_PROXY, proxyServerType=HTTP, password=, proxyServerAddress=, proxyServerPort=0}"/>
         <property name="platform" value="Windows 7"/>
      </properties>
      <testcase name="Test Cases/login/Test 1" classname="Test Cases/login/Test 1" status="PASSED">
         <system-out><![CDATA[2018-07-25 11:02:10 - [TEST_CASE][PASSED] - Test Cases/login/Test 1: Test Cases/login/Test 1

2018-07-25 11:02:11 - [TEST_STEP][PASSED] - openBrowser: Browser is opened with url: ''

2018-07-25 11:02:23 - [MESSAGE][PASSED] - Browser is opened with url: ''

2018-07-25 11:02:23 - [TEST_STEP][PASSED] - navigateToUrl: Navigate to 'http://demoaut.katalon.com/' successfully

2018-07-25 11:02:24 - [MESSAGE][PASSED] - Navigate to 'http://demoaut.katalon.com/' successfully

2018-07-25 11:02:24 - [TEST_STEP][PASSED] - click: Object: 'Object Repository/Page_CURA Healthcare Service/a_Make Appointment' is clicked on

2018-07-25 11:02:26 - [MESSAGE][PASSED] - Object: 'Object Repository/Page_CURA Healthcare Service/a_Make Appointment' is clicked on

2018-07-25 11:02:26 - [TEST_STEP][PASSED] - setText: Text 'John Doe' is set on object 'Object Repository/Page_CURA Healthcare Service/input_username'

2018-07-25 11:02:26 - [MESSAGE][PASSED] - Text 'John Doe' is set on object 'Object Repository/Page_CURA Healthcare Service/input_username'

2018-07-25 11:02:26 - [TEST_STEP][PASSED] - setEncryptedText: Text ****** has been set on object 'Object Repository/Page_CURA Healthcare Service/input_password'

2018-07-25 11:02:27 - [MESSAGE][PASSED] - Text ****** has been set on object 'Object Repository/Page_CURA Healthcare Service/input_password'

2018-07-25 11:02:27 - [TEST_STEP][PASSED] - click: Object: 'Object Repository/Page_CURA Healthcare Service/button_Login' is clicked on

2018-07-25 11:02:28 - [MESSAGE][PASSED] - Object: 'Object Repository/Page_CURA Healthcare Service/button_Login' is clicked on

2018-07-25 11:02:28 - [TEST_STEP][PASSED] - closeBrowser: Browser is closed

2018-07-25 11:02:29 - [MESSAGE][PASSED] - Browser is closed

2018-07-25 11:02:29 - [TEST_STEP][PASSED] - openBrowser: Browser is opened with url: 'https://google.com/'

2018-07-25 11:02:40 - [MESSAGE][PASSED] - Browser is opened with url: 'https://google.com/'

2018-07-25 11:02:40 - [TEST_STEP][PASSED] - closeBrowser: Browser is closed

2018-07-25 11:02:40 - [MESSAGE][PASSED] - Browser is closed]]></system-out>
         <system-err><![CDATA[]]></system-err>
      </testcase>
      <testcase name="Test Cases/login/Test 2" classname="Test Cases/login/Test 2" status="ERROR">
         <error type="ERROR" message="Test Cases/login/Test 2 FAILED because (of) groovy.lang.MissingMethodException: No signature of method: static com.kms.katalon.core.webui.keyword.WebUiBuiltInKeywords.closeBrowser() is applicable for argument types: (java.lang.String) values: []
Possible solutions: closeBrowser(), closeBrowser(com.kms.katalon.core.model.FailureHandling), openBrowser(java.lang.String), openBrowser(java.lang.String, com.kms.katalon.core.model.FailureHandling)"/>
         <system-out><![CDATA[2018-07-25 11:02:43 - [TEST_CASE][ERROR] - Test Cases/login/Test 2: Test Cases/login/Test 2 FAILED because (of) groovy.lang.MissingMethodException: No signature of method: static com.kms.katalon.core.webui.keyword.WebUiBuiltInKeywords.closeBrowser() is applicable for argument types: (java.lang.String) values: []
Possible solutions: closeBrowser(), closeBrowser(com.kms.katalon.core.model.FailureHandling), openBrowser(java.lang.String), openBrowser(java.lang.String, com.kms.katalon.core.model.FailureHandling)

2018-07-25 11:02:43 - [TEST_STEP][PASSED] - openBrowser: Browser is opened with url: ''

2018-07-25 11:02:51 - [MESSAGE][PASSED] - Browser is opened with url: ''

2018-07-25 11:02:51 - [TEST_STEP][PASSED] - navigateToUrl: Navigate to 'http://demoaut.katalon.com/' successfully

2018-07-25 11:02:52 - [MESSAGE][PASSED] - Navigate to 'http://demoaut.katalon.com/' successfully

2018-07-25 11:02:52 - [TEST_STEP][PASSED] - click: Object: 'Object Repository/test2/Page_CURA Healthcare Service/a_Make Appointment' is clicked on

2018-07-25 11:02:53 - [MESSAGE][PASSED] - Object: 'Object Repository/test2/Page_CURA Healthcare Service/a_Make Appointment' is clicked on

2018-07-25 11:02:53 - [TEST_STEP][PASSED] - setText: Text 'John Doe' is set on object 'Object Repository/test2/Page_CURA Healthcare Service/input_username'

2018-07-25 11:02:53 - [MESSAGE][PASSED] - Text 'John Doe' is set on object 'Object Repository/test2/Page_CURA Healthcare Service/input_username'

2018-07-25 11:02:53 - [TEST_STEP][PASSED] - setEncryptedText: Text ****** has been set on object 'Object Repository/test2/Page_CURA Healthcare Service/input_password'

2018-07-25 11:02:53 - [MESSAGE][PASSED] - Text ****** has been set on object 'Object Repository/test2/Page_CURA Healthcare Service/input_password'

2018-07-25 11:02:53 - [TEST_STEP][PASSED] - click: Object: 'Object Repository/test2/Page_CURA Healthcare Service/button_Login' is clicked on

2018-07-25 11:02:54 - [MESSAGE][PASSED] - Object: 'Object Repository/test2/Page_CURA Healthcare Service/button_Login' is clicked on

2018-07-25 11:02:54 - [TEST_STEP][PASSED] - closeBrowser: null]]></system-out>
         <system-err><![CDATA[2018-07-25 11:02:43 - [TEST_CASE][ERROR] - Test Cases/login/Test 2: Test Cases/login/Test 2 FAILED because (of) groovy.lang.MissingMethodException: No signature of method: static com.kms.katalon.core.webui.keyword.WebUiBuiltInKeywords.closeBrowser() is applicable for argument types: (java.lang.String) values: []
Possible solutions: closeBrowser(), closeBrowser(com.kms.katalon.core.model.FailureHandling), openBrowser(java.lang.String), openBrowser(java.lang.String, com.kms.katalon.core.model.FailureHandling)]]></system-err>
      </testcase>
      <testcase name="Test Cases/Orange/Test Case 3" classname="Test Cases/Orange/Test Case 3" status="PASSED">
         <system-out><![CDATA[2018-07-25 11:02:56 - [TEST_CASE][PASSED] - Test Cases/Orange/Test Case 3: Test Cases/Orange/Test Case 3

2018-07-25 11:02:56 - [TEST_STEP][PASSED] - openBrowser: Browser is opened with url: ''

2018-07-25 11:02:56 - [MESSAGE][WARNING] - A browser is already opened. Closing browser and opening a new one

2018-07-25 11:03:04 - [MESSAGE][PASSED] - Browser is opened with url: ''

2018-07-25 11:03:04 - [TEST_STEP][PASSED] - openBrowser: Browser is opened with url: ''

2018-07-25 11:03:04 - [MESSAGE][WARNING] - A browser is already opened. Closing browser and opening a new one

2018-07-25 11:03:13 - [MESSAGE][PASSED] - Browser is opened with url: ''

2018-07-25 11:03:13 - [TEST_STEP][PASSED] - navigateToUrl: Navigate to 'https://opensource-demo.orangehrmlive.com/index.php/auth/login' successfully

2018-07-25 11:03:19 - [MESSAGE][PASSED] - Navigate to 'https://opensource-demo.orangehrmlive.com/index.php/auth/login' successfully

2018-07-25 11:03:19 - [TEST_STEP][PASSED] - setText: Text 'Admin' is set on object 'Object Repository/Orange/Page_OrangeHRM/input_txtUsername'

2018-07-25 11:03:19 - [MESSAGE][PASSED] - Text 'Admin' is set on object 'Object Repository/Orange/Page_OrangeHRM/input_txtUsername'

2018-07-25 11:03:19 - [TEST_STEP][PASSED] - setEncryptedText: Text ****** has been set on object 'Object Repository/Orange/Page_OrangeHRM/input_txtPassword'

2018-07-25 11:03:19 - [MESSAGE][PASSED] - Text ****** has been set on object 'Object Repository/Orange/Page_OrangeHRM/input_txtPassword'

2018-07-25 11:03:19 - [TEST_STEP][PASSED] - click: Object: 'Object Repository/Orange/Page_OrangeHRM/input_Submit' is clicked on

2018-07-25 11:03:22 - [MESSAGE][PASSED] - Object: 'Object Repository/Orange/Page_OrangeHRM/input_Submit' is clicked on

2018-07-25 11:03:22 - [TEST_STEP][PASSED] - click: Object: 'Object Repository/Orange/Page_OrangeHRM/a_Admin' is clicked on

2018-07-25 11:03:24 - [MESSAGE][PASSED] - Object: 'Object Repository/Orange/Page_OrangeHRM/a_Admin' is clicked on

2018-07-25 11:03:24 - [TEST_STEP][PASSED] - click: Object: 'Object Repository/Orange/Page_OrangeHRM/b_PIM' is clicked on

2018-07-25 11:03:26 - [MESSAGE][PASSED] - Object: 'Object Repository/Orange/Page_OrangeHRM/b_PIM' is clicked on

2018-07-25 11:03:26 - [TEST_STEP][PASSED] - click: Object: 'Object Repository/Orange/Page_OrangeHRM/b_Leave' is clicked on

2018-07-25 11:03:28 - [MESSAGE][PASSED] - Object: 'Object Repository/Orange/Page_OrangeHRM/b_Leave' is clicked on

2018-07-25 11:03:28 - [TEST_STEP][PASSED] - click: Object: 'Object Repository/Orange/Page_OrangeHRM/b_Time' is clicked on

2018-07-25 11:03:29 - [MESSAGE][PASSED] - Object: 'Object Repository/Orange/Page_OrangeHRM/b_Time' is clicked on

2018-07-25 11:03:29 - [TEST_STEP][PASSED] - click: Object: 'Object Repository/Orange/Page_OrangeHRM/b_Recruitment' is clicked on

2018-07-25 11:03:30 - [MESSAGE][PASSED] - Object: 'Object Repository/Orange/Page_OrangeHRM/b_Recruitment' is clicked on

2018-07-25 11:03:30 - [TEST_STEP][PASSED] - click: Object: 'Object Repository/Orange/Page_OrangeHRM/a_Performance' is clicked on

2018-07-25 11:03:31 - [MESSAGE][PASSED] - Object: 'Object Repository/Orange/Page_OrangeHRM/a_Performance' is clicked on

2018-07-25 11:03:31 - [TEST_STEP][PASSED] - click: Object: 'Object Repository/Orange/Page_OrangeHRM/b_Dashboard' is clicked on

2018-07-25 11:03:31 - [MESSAGE][PASSED] - Object: 'Object Repository/Orange/Page_OrangeHRM/b_Dashboard' is clicked on

2018-07-25 11:03:31 - [TEST_STEP][PASSED] - click: Object: 'Object Repository/Orange/Page_OrangeHRM/b_Directory' is clicked on

2018-07-25 11:03:33 - [MESSAGE][PASSED] - Object: 'Object Repository/Orange/Page_OrangeHRM/b_Directory' is clicked on

2018-07-25 11:03:33 - [TEST_STEP][PASSED] - click: Object: 'Object Repository/Orange/Page_OrangeHRM/a_Welcome Admin' is clicked on

2018-07-25 11:03:33 - [MESSAGE][PASSED] - Object: 'Object Repository/Orange/Page_OrangeHRM/a_Welcome Admin' is clicked on

2018-07-25 11:03:33 - [TEST_STEP][PASSED] - closeBrowser: Browser is closed

2018-07-25 11:03:33 - [MESSAGE][PASSED] - Browser is closed]]></system-out>
         <system-err><![CDATA[]]></system-err>
      </testcase>
      <system-out><![CDATA[2018-07-25 11:02:10 - [TEST_SUITE][ERROR] - Test Suite 1: Test Cases/login/Test 2 FAILED because (of) groovy.lang.MissingMethodException: No signature of method: static com.kms.katalon.core.webui.keyword.WebUiBuiltInKeywords.closeBrowser() is applicable for argument types: (java.lang.String) values: []
Possible solutions: closeBrowser(), closeBrowser(com.kms.katalon.core.model.FailureHandling), openBrowser(java.lang.String), openBrowser(java.lang.String, com.kms.katalon.core.model.FailureHandling)]]></system-out>
      <system-err><![CDATA[2018-07-25 11:02:10 - [TEST_SUITE][ERROR] - Test Suite 1: Test Cases/login/Test 2 FAILED because (of) groovy.lang.MissingMethodException: No signature of method: static com.kms.katalon.core.webui.keyword.WebUiBuiltInKeywords.closeBrowser() is applicable for argument types: (java.lang.String) values: []
Possible solutions: closeBrowser(), closeBrowser(com.kms.katalon.core.model.FailureHandling), openBrowser(java.lang.String), openBrowser(java.lang.String, com.kms.katalon.core.model.FailureHandling)]]></system-err>
   </testsuite>
</testsuites>
